This file contains any messages produced by compilers while
running configure, to aid debugging if configure makes a mistake.

It was created by TheForgottenServer configure 0.3.5, which was
generated by GNU Autoconf 2.71.  Invocation command line was

  $ ./configure --enable-mysql --enable-root-permission

## --------- ##
## Platform. ##
## --------- ##

hostname = dennis
uname -m = x86_64
uname -r = 5.15.0-67-generic
uname -s = Linux
uname -v = #74-Ubuntu SMP Wed Feb 22 14:14:39 UTC 2023

/usr/bin/uname -p = x86_64
/bin/uname -X     = unknown

/bin/arch              = x86_64
/usr/bin/arch -k       = unknown
/usr/convex/getsysinfo = unknown
/usr/bin/hostinfo      = unknown
/bin/machine           = unknown
/usr/bin/oslevel       = unknown
/bin/universe          = unknown

PATH: /usr/local/sbin/
PATH: /usr/local/bin/
PATH: /usr/sbin/
PATH: /usr/bin/
PATH: /sbin/
PATH: /bin/
PATH: /usr/games/
PATH: /usr/local/games/
PATH: /snap/bin/


## ----------- ##
## Core tests. ##
## ----------- ##

configure:2519: looking for aux files: config.guess config.sub missing install-sh
configure:2532:  trying ./
configure:2561:   ./config.guess found
configure:2561:   ./config.sub found
configure:2561:   ./missing found
configure:2543:   ./install-sh found
configure:2690: checking for a BSD-compatible install
configure:2763: result: /usr/bin/install -c
configure:2774: checking whether build environment is sane
configure:2829: result: yes
configure:2988: checking for a race-free mkdir -p
configure:3032: result: /usr/bin/mkdir -p
configure:3039: checking for gawk
configure:3060: found /usr/bin/gawk
configure:3071: result: gawk
configure:3082: checking whether make sets $(MAKE)
configure:3105: result: yes
configure:3135: checking whether make supports nested variables
configure:3153: result: yes
configure:3362: checking for g++
configure:3383: found /usr/bin/g++
configure:3394: result: g++
configure:3421: checking for C++ compiler version
configure:3430: g++ --version >&5
g++ (Ubuntu 11.3.0-1ubuntu1~22.04) 11.3.0
Copyright (C) 2021 Free Software Foundation, Inc.
This is free software; see the source for copying conditions.  There is NO
warranty; not even for MERCHANTABILITY or FITNESS FOR A PARTICULAR PURPOSE.

configure:3441: $? = 0
configure:3430: g++ -v >&5
Using built-in specs.
COLLECT_GCC=g++
COLLECT_LTO_WRAPPER=/usr/lib/gcc/x86_64-linux-gnu/11/lto-wrapper
OFFLOAD_TARGET_NAMES=nvptx-none:amdgcn-amdhsa
OFFLOAD_TARGET_DEFAULT=1
Target: x86_64-linux-gnu
Configured with: ../src/configure -v --with-pkgversion='Ubuntu 11.3.0-1ubuntu1~22.04' --with-bugurl=file:///usr/share/doc/gcc-11/README.Bugs --enable-languages=c,ada,c++,go,brig,d,fortran,objc,obj-c++,m2 --prefix=/usr --with-gcc-major-version-only --program-suffix=-11 --program-prefix=x86_64-linux-gnu- --enable-shared --enable-linker-build-id --libexecdir=/usr/lib --without-included-gettext --enable-threads=posix --libdir=/usr/lib --enable-nls --enable-bootstrap --enable-clocale=gnu --enable-libstdcxx-debug --enable-libstdcxx-time=yes --with-default-libstdcxx-abi=new --enable-gnu-unique-object --disable-vtable-verify --enable-plugin --enable-default-pie --with-system-zlib --enable-libphobos-checking=release --with-target-system-zlib=auto --enable-objc-gc=auto --enable-multiarch --disable-werror --enable-cet --with-arch-32=i686 --with-abi=m64 --with-multilib-list=m32,m64,mx32 --enable-multilib --with-tune=generic --enable-offload-targets=nvptx-none=/build/gcc-11-xKiWfi/gcc-11-11.3.0/debian/tmp-nvptx/usr,amdgcn-amdhsa=/build/gcc-11-xKiWfi/gcc-11-11.3.0/debian/tmp-gcn/usr --without-cuda-driver --enable-checking=release --build=x86_64-linux-gnu --host=x86_64-linux-gnu --target=x86_64-linux-gnu --with-build-config=bootstrap-lto-lean --enable-link-serialization=2
Thread model: posix
Supported LTO compression algorithms: zlib zstd
gcc version 11.3.0 (Ubuntu 11.3.0-1ubuntu1~22.04) 
... rest of stderr output deleted ...
configure:3441: $? = 0
configure:3430: g++ -V >&5
g++: error: unrecognized command-line option '-V'
g++: fatal error: no input files
compilation terminated.
configure:3441: $? = 1
configure:3430: g++ -qversion >&5
g++: error: unrecognized command-line option '-qversion'; did you mean '--version'?
g++: fatal error: no input files
compilation terminated.
configure:3441: $? = 1
configure:3461: checking whether the C++ compiler works
configure:3483: g++    conftest.cpp  >&5
configure:3487: $? = 0
configure:3537: result: yes
configure:3540: checking for C++ compiler default output file name
configure:3542: result: a.out
configure:3548: checking for suffix of executables
configure:3555: g++ -o conftest    conftest.cpp  >&5
configure:3559: $? = 0
configure:3582: result: 
configure:3604: checking whether we are cross compiling
configure:3612: g++ -o conftest    conftest.cpp  >&5
configure:3616: $? = 0
configure:3623: ./conftest
configure:3627: $? = 0
configure:3642: result: no
configure:3647: checking for suffix of object files
configure:3670: g++ -c   conftest.cpp >&5
configure:3674: $? = 0
configure:3696: result: o
configure:3700: checking whether the compiler supports GNU C++
configure:3720: g++ -c   conftest.cpp >&5
configure:3720: $? = 0
configure:3730: result: yes
configure:3741: checking whether g++ accepts -g
configure:3762: g++ -c -g  conftest.cpp >&5
configure:3762: $? = 0
configure:3806: result: yes
configure:3826: checking for g++ option to enable C++11 features
configure:3841: g++  -c -g -O2  conftest.cpp >&5
conftest.cpp: In function 'int main(int, char**)':
conftest.cpp:177:25: warning: empty parentheses were disambiguated as a function declaration [-Wvexing-parse]
  177 |   cxx11test::delegate d2();
      |                         ^~
conftest.cpp:177:25: note: remove parentheses to default-initialize a variable
  177 |   cxx11test::delegate d2();
      |                         ^~
      |                         --
conftest.cpp:177:25: note: or replace parentheses with braces to value-initialize a variable
configure:3841: $? = 0
configure:3859: result: none needed
configure:3926: checking whether make supports the include directive
configure:3941: make -f confmf.GNU && cat confinc.out
this is the am__doit target
configure:3944: $? = 0
configure:3963: result: yes (GNU style)
configure:3989: checking dependency style of g++
configure:4101: result: gcc3
configure:4377: checking for stdio.h
configure:4377: g++ -c -g -O2  conftest.cpp >&5
configure:4377: $? = 0
configure:4377: result: yes
configure:4377: checking for stdlib.h
configure:4377: g++ -c -g -O2  conftest.cpp >&5
configure:4377: $? = 0
configure:4377: result: yes
configure:4377: checking for string.h
configure:4377: g++ -c -g -O2  conftest.cpp >&5
configure:4377: $? = 0
configure:4377: result: yes
configure:4377: checking for inttypes.h
configure:4377: g++ -c -g -O2  conftest.cpp >&5
configure:4377: $? = 0
configure:4377: result: yes
configure:4377: checking for stdint.h
configure:4377: g++ -c -g -O2  conftest.cpp >&5
configure:4377: $? = 0
configure:4377: result: yes
configure:4377: checking for strings.h
configure:4377: g++ -c -g -O2  conftest.cpp >&5
configure:4377: $? = 0
configure:4377: result: yes
configure:4377: checking for sys/stat.h
configure:4377: g++ -c -g -O2  conftest.cpp >&5
configure:4377: $? = 0
configure:4377: result: yes
configure:4377: checking for sys/types.h
configure:4377: g++ -c -g -O2  conftest.cpp >&5
configure:4377: $? = 0
configure:4377: result: yes
configure:4377: checking for unistd.h
configure:4377: g++ -c -g -O2  conftest.cpp >&5
configure:4377: $? = 0
configure:4377: result: yes
configure:4402: checking for grep that handles long lines and -e
configure:4466: result: /usr/bin/grep
configure:4474: checking for egrep
configure:4542: result: /usr/bin/grep -E
configure:4548: checking for arpa/inet.h
configure:4548: g++ -c -g -O2  conftest.cpp >&5
configure:4548: $? = 0
configure:4548: result: yes
configure:4554: checking for netdb.h
configure:4554: g++ -c -g -O2  conftest.cpp >&5
configure:4554: $? = 0
configure:4554: result: yes
configure:4560: checking for netinet/in.h
configure:4560: g++ -c -g -O2  conftest.cpp >&5
configure:4560: $? = 0
configure:4560: result: yes
configure:4566: checking for stddef.h
configure:4566: g++ -c -g -O2  conftest.cpp >&5
configure:4566: $? = 0
configure:4566: result: yes
configure:4572: checking for stdint.h
configure:4572: result: yes
configure:4578: checking for stdlib.h
configure:4578: result: yes
configure:4584: checking for sys/socket.h
configure:4584: g++ -c -g -O2  conftest.cpp >&5
configure:4584: $? = 0
configure:4584: result: yes
configure:4590: checking for sys/timeb.h
configure:4590: g++ -c -g -O2  conftest.cpp >&5
configure:4590: $? = 0
configure:4590: result: yes
configure:4599: checking for _Bool
configure:4599: g++ -c -g -O2  conftest.cpp >&5
conftest.cpp: In function 'int main()':
conftest.cpp:60:13: error: '_Bool' was not declared in this scope
   60 | if (sizeof (_Bool))
      |             ^~~~~
configure:4599: $? = 1
configure: failed program was:
| /* confdefs.h */
| #define PACKAGE_NAME "TheForgottenServer"
| #define PACKAGE_TARNAME "theforgottenserver"
| #define PACKAGE_VERSION "0.3.5"
| #define PACKAGE_STRING "TheForgottenServer 0.3.5"
| #define PACKAGE_BUGREPORT ""
| #define PACKAGE_URL ""
| #define PACKAGE "theforgottenserver"
| #define VERSION "0.3.5"
| #define HAVE_STDIO_H 1
| #define HAVE_STDLIB_H 1
| #define HAVE_STRING_H 1
| #define HAVE_INTTYPES_H 1
| #define HAVE_STDINT_H 1
| #define HAVE_STRINGS_H 1
| #define HAVE_SYS_STAT_H 1
| #define HAVE_SYS_TYPES_H 1
| #define HAVE_UNISTD_H 1
| #define STDC_HEADERS 1
| #define HAVE_ARPA_INET_H 1
| #define HAVE_NETDB_H 1
| #define HAVE_NETINET_IN_H 1
| #define HAVE_STDDEF_H 1
| #define HAVE_STDINT_H 1
| #define HAVE_STDLIB_H 1
| #define HAVE_SYS_SOCKET_H 1
| #define HAVE_SYS_TIMEB_H 1
| /* end confdefs.h.  */
| #include <stddef.h>
| #ifdef HAVE_STDIO_H
| # include <stdio.h>
| #endif
| #ifdef HAVE_STDLIB_H
| # include <stdlib.h>
| #endif
| #ifdef HAVE_STRING_H
| # include <string.h>
| #endif
| #ifdef HAVE_INTTYPES_H
| # include <inttypes.h>
| #endif
| #ifdef HAVE_STDINT_H
| # include <stdint.h>
| #endif
| #ifdef HAVE_STRINGS_H
| # include <strings.h>
| #endif
| #ifdef HAVE_SYS_TYPES_H
| # include <sys/types.h>
| #endif
| #ifdef HAVE_SYS_STAT_H
| # include <sys/stat.h>
| #endif
| #ifdef HAVE_UNISTD_H
| # include <unistd.h>
| #endif
| int
| main (void)
| {
| if (sizeof (_Bool))
| 	 return 0;
|   ;
|   return 0;
| }
configure:4599: result: no
configure:4608: checking for stdbool.h that conforms to C99
configure:4724: g++ -c -g -O2  conftest.cpp >&5
configure:4724: $? = 0
configure:4732: result: yes
configure:4741: checking for an ANSI C-conforming const
configure:4808: g++ -c -g -O2  conftest.cpp >&5
configure:4808: $? = 0
configure:4816: result: yes
configure:4824: checking for inline
configure:4841: g++ -c -g -O2  conftest.cpp >&5
configure:4841: $? = 0
configure:4850: result: inline
configure:4868: checking for int16_t
configure:4868: g++ -c -g -O2  conftest.cpp >&5
configure:4868: $? = 0
configure:4868: g++ -c -g -O2  conftest.cpp >&5
conftest.cpp: In function 'int main()':
conftest.cpp:63:72: error: narrowing conversion of '-1' from 'int' to 'long unsigned int' [-Wnarrowing]
   63 |                  < (int16_t) (((((int16_t) 1 << N) << N) - 1) * 2 + 2))];
      |                                                                        ^
conftest.cpp:62:26: error: size '-1' of array 'test_array' is negative
   62 | static int test_array [1 - 2 * !((int16_t) (((((int16_t) 1 << N) << N) - 1) * 2 + 1)
      |                        ~~^~~~~~~~~~~~~~~~~~~~~~~~~~~~~~~~~~~~~~~~~~~~~~~~~~~~~~~~~~~
   63 |                  < (int16_t) (((((int16_t) 1 << N) << N) - 1) * 2 + 2))];
      |                  ~~~~~~~~~~~~~~~~~~~~~~~~~~~~~~~~~~~~~~~~~~~~~~~~~~~~~~
configure:4868: $? = 1
configure: failed program was:
| /* confdefs.h */
| #define PACKAGE_NAME "TheForgottenServer"
| #define PACKAGE_TARNAME "theforgottenserver"
| #define PACKAGE_VERSION "0.3.5"
| #define PACKAGE_STRING "TheForgottenServer 0.3.5"
| #define PACKAGE_BUGREPORT ""
| #define PACKAGE_URL ""
| #define PACKAGE "theforgottenserver"
| #define VERSION "0.3.5"
| #define HAVE_STDIO_H 1
| #define HAVE_STDLIB_H 1
| #define HAVE_STRING_H 1
| #define HAVE_INTTYPES_H 1
| #define HAVE_STDINT_H 1
| #define HAVE_STRINGS_H 1
| #define HAVE_SYS_STAT_H 1
| #define HAVE_SYS_TYPES_H 1
| #define HAVE_UNISTD_H 1
| #define STDC_HEADERS 1
| #define HAVE_ARPA_INET_H 1
| #define HAVE_NETDB_H 1
| #define HAVE_NETINET_IN_H 1
| #define HAVE_STDDEF_H 1
| #define HAVE_STDINT_H 1
| #define HAVE_STDLIB_H 1
| #define HAVE_SYS_SOCKET_H 1
| #define HAVE_SYS_TIMEB_H 1
| #define HAVE_STDBOOL_H 1
| /* end confdefs.h.  */
| #include <stddef.h>
| #ifdef HAVE_STDIO_H
| # include <stdio.h>
| #endif
| #ifdef HAVE_STDLIB_H
| # include <stdlib.h>
| #endif
| #ifdef HAVE_STRING_H
| # include <string.h>
| #endif
| #ifdef HAVE_INTTYPES_H
| # include <inttypes.h>
| #endif
| #ifdef HAVE_STDINT_H
| # include <stdint.h>
| #endif
| #ifdef HAVE_STRINGS_H
| # include <strings.h>
| #endif
| #ifdef HAVE_SYS_TYPES_H
| # include <sys/types.h>
| #endif
| #ifdef HAVE_SYS_STAT_H
| # include <sys/stat.h>
| #endif
| #ifdef HAVE_UNISTD_H
| # include <unistd.h>
| #endif
| 	        enum { N = 16 / 2 - 1 };
| int
| main (void)
| {
| static int test_array [1 - 2 * !((int16_t) (((((int16_t) 1 << N) << N) - 1) * 2 + 1)
| 		 < (int16_t) (((((int16_t) 1 << N) << N) - 1) * 2 + 2))];
| test_array [0] = 0;
| return test_array [0];
| 
|   ;
|   return 0;
| }
configure:4868: result: yes
configure:4877: checking for int32_t
configure:4877: g++ -c -g -O2  conftest.cpp >&5
configure:4877: $? = 0
configure:4877: g++ -c -g -O2  conftest.cpp >&5
conftest.cpp: In function 'int main()':
conftest.cpp:63:67: warning: integer overflow in expression of type 'int32_t' {aka 'int'} results in '-2147483648' [-Woverflow]
   63 |                  < (int32_t) (((((int32_t) 1 << N) << N) - 1) * 2 + 2))];
      |                               ~~~~~~~~~~~~~~~~~~~~~~~~~~~~~~~~~~~~^~~
conftest.cpp:62:26: error: size '-1' of array 'test_array' is negative
   62 | static int test_array [1 - 2 * !((int32_t) (((((int32_t) 1 << N) << N) - 1) * 2 + 1)
      |                        ~~^~~~~~~~~~~~~~~~~~~~~~~~~~~~~~~~~~~~~~~~~~~~~~~~~~~~~~~~~~~
   63 |                  < (int32_t) (((((int32_t) 1 << N) << N) - 1) * 2 + 2))];
      |                  ~~~~~~~~~~~~~~~~~~~~~~~~~~~~~~~~~~~~~~~~~~~~~~~~~~~~~~
configure:4877: $? = 1
configure: failed program was:
| /* confdefs.h */
| #define PACKAGE_NAME "TheForgottenServer"
| #define PACKAGE_TARNAME "theforgottenserver"
| #define PACKAGE_VERSION "0.3.5"
| #define PACKAGE_STRING "TheForgottenServer 0.3.5"
| #define PACKAGE_BUGREPORT ""
| #define PACKAGE_URL ""
| #define PACKAGE "theforgottenserver"
| #define VERSION "0.3.5"
| #define HAVE_STDIO_H 1
| #define HAVE_STDLIB_H 1
| #define HAVE_STRING_H 1
| #define HAVE_INTTYPES_H 1
| #define HAVE_STDINT_H 1
| #define HAVE_STRINGS_H 1
| #define HAVE_SYS_STAT_H 1
| #define HAVE_SYS_TYPES_H 1
| #define HAVE_UNISTD_H 1
| #define STDC_HEADERS 1
| #define HAVE_ARPA_INET_H 1
| #define HAVE_NETDB_H 1
| #define HAVE_NETINET_IN_H 1
| #define HAVE_STDDEF_H 1
| #define HAVE_STDINT_H 1
| #define HAVE_STDLIB_H 1
| #define HAVE_SYS_SOCKET_H 1
| #define HAVE_SYS_TIMEB_H 1
| #define HAVE_STDBOOL_H 1
| /* end confdefs.h.  */
| #include <stddef.h>
| #ifdef HAVE_STDIO_H
| # include <stdio.h>
| #endif
| #ifdef HAVE_STDLIB_H
| # include <stdlib.h>
| #endif
| #ifdef HAVE_STRING_H
| # include <string.h>
| #endif
| #ifdef HAVE_INTTYPES_H
| # include <inttypes.h>
| #endif
| #ifdef HAVE_STDINT_H
| # include <stdint.h>
| #endif
| #ifdef HAVE_STRINGS_H
| # include <strings.h>
| #endif
| #ifdef HAVE_SYS_TYPES_H
| # include <sys/types.h>
| #endif
| #ifdef HAVE_SYS_STAT_H
| # include <sys/stat.h>
| #endif
| #ifdef HAVE_UNISTD_H
| # include <unistd.h>
| #endif
| 	        enum { N = 32 / 2 - 1 };
| int
| main (void)
| {
| static int test_array [1 - 2 * !((int32_t) (((((int32_t) 1 << N) << N) - 1) * 2 + 1)
| 		 < (int32_t) (((((int32_t) 1 << N) << N) - 1) * 2 + 2))];
| test_array [0] = 0;
| return test_array [0];
| 
|   ;
|   return 0;
| }
configure:4877: result: yes
configure:4886: checking for int64_t
configure:4886: g++ -c -g -O2  conftest.cpp >&5
configure:4886: $? = 0
configure:4886: g++ -c -g -O2  conftest.cpp >&5
conftest.cpp: In function 'int main()':
conftest.cpp:63:67: warning: integer overflow in expression of type 'int64_t' {aka 'long int'} results in '-9223372036854775808' [-Woverflow]
   63 |                  < (int64_t) (((((int64_t) 1 << N) << N) - 1) * 2 + 2))];
      |                               ~~~~~~~~~~~~~~~~~~~~~~~~~~~~~~~~~~~~^~~
conftest.cpp:62:26: error: size '-1' of array 'test_array' is negative
   62 | static int test_array [1 - 2 * !((int64_t) (((((int64_t) 1 << N) << N) - 1) * 2 + 1)
      |                        ~~^~~~~~~~~~~~~~~~~~~~~~~~~~~~~~~~~~~~~~~~~~~~~~~~~~~~~~~~~~~
   63 |                  < (int64_t) (((((int64_t) 1 << N) << N) - 1) * 2 + 2))];
      |                  ~~~~~~~~~~~~~~~~~~~~~~~~~~~~~~~~~~~~~~~~~~~~~~~~~~~~~~
configure:4886: $? = 1
configure: failed program was:
| /* confdefs.h */
| #define PACKAGE_NAME "TheForgottenServer"
| #define PACKAGE_TARNAME "theforgottenserver"
| #define PACKAGE_VERSION "0.3.5"
| #define PACKAGE_STRING "TheForgottenServer 0.3.5"
| #define PACKAGE_BUGREPORT ""
| #define PACKAGE_URL ""
| #define PACKAGE "theforgottenserver"
| #define VERSION "0.3.5"
| #define HAVE_STDIO_H 1
| #define HAVE_STDLIB_H 1
| #define HAVE_STRING_H 1
| #define HAVE_INTTYPES_H 1
| #define HAVE_STDINT_H 1
| #define HAVE_STRINGS_H 1
| #define HAVE_SYS_STAT_H 1
| #define HAVE_SYS_TYPES_H 1
| #define HAVE_UNISTD_H 1
| #define STDC_HEADERS 1
| #define HAVE_ARPA_INET_H 1
| #define HAVE_NETDB_H 1
| #define HAVE_NETINET_IN_H 1
| #define HAVE_STDDEF_H 1
| #define HAVE_STDINT_H 1
| #define HAVE_STDLIB_H 1
| #define HAVE_SYS_SOCKET_H 1
| #define HAVE_SYS_TIMEB_H 1
| #define HAVE_STDBOOL_H 1
| /* end confdefs.h.  */
| #include <stddef.h>
| #ifdef HAVE_STDIO_H
| # include <stdio.h>
| #endif
| #ifdef HAVE_STDLIB_H
| # include <stdlib.h>
| #endif
| #ifdef HAVE_STRING_H
| # include <string.h>
| #endif
| #ifdef HAVE_INTTYPES_H
| # include <inttypes.h>
| #endif
| #ifdef HAVE_STDINT_H
| # include <stdint.h>
| #endif
| #ifdef HAVE_STRINGS_H
| # include <strings.h>
| #endif
| #ifdef HAVE_SYS_TYPES_H
| # include <sys/types.h>
| #endif
| #ifdef HAVE_SYS_STAT_H
| # include <sys/stat.h>
| #endif
| #ifdef HAVE_UNISTD_H
| # include <unistd.h>
| #endif
| 	        enum { N = 64 / 2 - 1 };
| int
| main (void)
| {
| static int test_array [1 - 2 * !((int64_t) (((((int64_t) 1 << N) << N) - 1) * 2 + 1)
| 		 < (int64_t) (((((int64_t) 1 << N) << N) - 1) * 2 + 2))];
| test_array [0] = 0;
| return test_array [0];
| 
|   ;
|   return 0;
| }
configure:4886: result: yes
configure:4895: checking for size_t
configure:4895: g++ -c -g -O2  conftest.cpp >&5
configure:4895: $? = 0
configure:4895: g++ -c -g -O2  conftest.cpp >&5
conftest.cpp: In function 'int main()':
conftest.cpp:61:20: error: expected primary-expression before ')' token
   61 | if (sizeof ((size_t)))
      |                    ^
configure:4895: $? = 1
configure: failed program was:
| /* confdefs.h */
| #define PACKAGE_NAME "TheForgottenServer"
| #define PACKAGE_TARNAME "theforgottenserver"
| #define PACKAGE_VERSION "0.3.5"
| #define PACKAGE_STRING "TheForgottenServer 0.3.5"
| #define PACKAGE_BUGREPORT ""
| #define PACKAGE_URL ""
| #define PACKAGE "theforgottenserver"
| #define VERSION "0.3.5"
| #define HAVE_STDIO_H 1
| #define HAVE_STDLIB_H 1
| #define HAVE_STRING_H 1
| #define HAVE_INTTYPES_H 1
| #define HAVE_STDINT_H 1
| #define HAVE_STRINGS_H 1
| #define HAVE_SYS_STAT_H 1
| #define HAVE_SYS_TYPES_H 1
| #define HAVE_UNISTD_H 1
| #define STDC_HEADERS 1
| #define HAVE_ARPA_INET_H 1
| #define HAVE_NETDB_H 1
| #define HAVE_NETINET_IN_H 1
| #define HAVE_STDDEF_H 1
| #define HAVE_STDINT_H 1
| #define HAVE_STDLIB_H 1
| #define HAVE_SYS_SOCKET_H 1
| #define HAVE_SYS_TIMEB_H 1
| #define HAVE_STDBOOL_H 1
| /* end confdefs.h.  */
| #include <stddef.h>
| #ifdef HAVE_STDIO_H
| # include <stdio.h>
| #endif
| #ifdef HAVE_STDLIB_H
| # include <stdlib.h>
| #endif
| #ifdef HAVE_STRING_H
| # include <string.h>
| #endif
| #ifdef HAVE_INTTYPES_H
| # include <inttypes.h>
| #endif
| #ifdef HAVE_STDINT_H
| # include <stdint.h>
| #endif
| #ifdef HAVE_STRINGS_H
| # include <strings.h>
| #endif
| #ifdef HAVE_SYS_TYPES_H
| # include <sys/types.h>
| #endif
| #ifdef HAVE_SYS_STAT_H
| # include <sys/stat.h>
| #endif
| #ifdef HAVE_UNISTD_H
| # include <unistd.h>
| #endif
| int
| main (void)
| {
| if (sizeof ((size_t)))
| 	    return 0;
|   ;
|   return 0;
| }
configure:4895: result: yes
configure:4905: checking whether struct tm is in sys/time.h or time.h
configure:4926: g++ -c -g -O2  conftest.cpp >&5
configure:4926: $? = 0
configure:4934: result: time.h
configure:4942: checking for uint16_t
configure:4942: g++ -c -g -O2  conftest.cpp >&5
configure:4942: $? = 0
configure:4942: result: yes
configure:4952: checking for uint32_t
configure:4952: g++ -c -g -O2  conftest.cpp >&5
configure:4952: $? = 0
configure:4952: result: yes
configure:4964: checking for uint64_t
configure:4964: g++ -c -g -O2  conftest.cpp >&5
configure:4964: $? = 0
configure:4964: result: yes
configure:4976: checking for uint8_t
configure:4976: g++ -c -g -O2  conftest.cpp >&5
configure:4976: $? = 0
configure:4976: result: yes
configure:4988: checking for ptrdiff_t
configure:4988: g++ -c -g -O2  conftest.cpp >&5
configure:4988: $? = 0
configure:4988: g++ -c -g -O2  conftest.cpp >&5
conftest.cpp: In function 'int main()':
conftest.cpp:61:23: error: expected primary-expression before ')' token
   61 | if (sizeof ((ptrdiff_t)))
      |                       ^
configure:4988: $? = 1
configure: failed program was:
| /* confdefs.h */
| #define PACKAGE_NAME "TheForgottenServer"
| #define PACKAGE_TARNAME "theforgottenserver"
| #define PACKAGE_VERSION "0.3.5"
| #define PACKAGE_STRING "TheForgottenServer 0.3.5"
| #define PACKAGE_BUGREPORT ""
| #define PACKAGE_URL ""
| #define PACKAGE "theforgottenserver"
| #define VERSION "0.3.5"
| #define HAVE_STDIO_H 1
| #define HAVE_STDLIB_H 1
| #define HAVE_STRING_H 1
| #define HAVE_INTTYPES_H 1
| #define HAVE_STDINT_H 1
| #define HAVE_STRINGS_H 1
| #define HAVE_SYS_STAT_H 1
| #define HAVE_SYS_TYPES_H 1
| #define HAVE_UNISTD_H 1
| #define STDC_HEADERS 1
| #define HAVE_ARPA_INET_H 1
| #define HAVE_NETDB_H 1
| #define HAVE_NETINET_IN_H 1
| #define HAVE_STDDEF_H 1
| #define HAVE_STDINT_H 1
| #define HAVE_STDLIB_H 1
| #define HAVE_SYS_SOCKET_H 1
| #define HAVE_SYS_TIMEB_H 1
| #define HAVE_STDBOOL_H 1
| /* end confdefs.h.  */
| #include <stddef.h>
| #ifdef HAVE_STDIO_H
| # include <stdio.h>
| #endif
| #ifdef HAVE_STDLIB_H
| # include <stdlib.h>
| #endif
| #ifdef HAVE_STRING_H
| # include <string.h>
| #endif
| #ifdef HAVE_INTTYPES_H
| # include <inttypes.h>
| #endif
| #ifdef HAVE_STDINT_H
| # include <stdint.h>
| #endif
| #ifdef HAVE_STRINGS_H
| # include <strings.h>
| #endif
| #ifdef HAVE_SYS_TYPES_H
| # include <sys/types.h>
| #endif
| #ifdef HAVE_SYS_STAT_H
| # include <sys/stat.h>
| #endif
| #ifdef HAVE_UNISTD_H
| # include <unistd.h>
| #endif
| int
| main (void)
| {
| if (sizeof ((ptrdiff_t)))
| 	    return 0;
|   ;
|   return 0;
| }
configure:4988: result: yes
configure:5005: checking build system type
configure:5020: result: x86_64-pc-linux-gnu
configure:5040: checking host system type
configure:5054: result: x86_64-pc-linux-gnu
configure:5074: checking for GNU libc compatible malloc
configure:5106: g++ -o conftest -g -O2   conftest.cpp  >&5
configure:5106: $? = 0
configure:5106: ./conftest
configure:5106: $? = 0
configure:5117: result: yes
configure:5139: checking for working memcmp
configure:5184: g++ -o conftest -g -O2   conftest.cpp  >&5
configure:5184: $? = 0
configure:5184: ./conftest
configure:5184: $? = 0
configure:5195: result: yes
configure:5204: checking for GNU libc compatible realloc
configure:5236: g++ -o conftest -g -O2   conftest.cpp  >&5
configure:5236: $? = 0
configure:5236: ./conftest
configure:5236: $? = 0
configure:5247: result: yes
configure:5269: checking for floor
configure:5269: g++ -o conftest -g -O2   conftest.cpp  >&5
conftest.cpp:49:6: warning: declaration of 'char floor()' conflicts with built-in declaration 'double floor(double)' [-Wbuiltin-declaration-mismatch]
   49 | char floor ();
      |      ^~~~~
configure:5269: $? = 0
configure:5269: result: yes
configure:5275: checking for ftime
configure:5275: g++ -o conftest -g -O2   conftest.cpp  >&5
configure:5275: $? = 0
configure:5275: result: yes
configure:5281: checking for gethostbyname
configure:5281: g++ -o conftest -g -O2   conftest.cpp  >&5
configure:5281: $? = 0
configure:5281: result: yes
configure:5287: checking for gethostname
configure:5287: g++ -o conftest -g -O2   conftest.cpp  >&5
configure:5287: $? = 0
configure:5287: result: yes
configure:5293: checking for memset
configure:5293: g++ -o conftest -g -O2   conftest.cpp  >&5
conftest.cpp:53:6: warning: declaration of 'char memset()' conflicts with built-in declaration 'void* memset(void*, int, long unsigned int)' [-Wbuiltin-declaration-mismatch]
   53 | char memset ();
      |      ^~~~~~
configure:5293: $? = 0
configure:5293: result: yes
configure:5299: checking for pow
configure:5299: g++ -o conftest -g -O2   conftest.cpp  >&5
conftest.cpp:54:6: warning: declaration of 'char pow()' conflicts with built-in declaration 'double pow(double, double)' [-Wbuiltin-declaration-mismatch]
   54 | char pow ();
      |      ^~~
configure:5299: $? = 0
configure:5299: result: yes
configure:5305: checking for sqrt
configure:5305: g++ -o conftest -g -O2   conftest.cpp  >&5
conftest.cpp:55:6: warning: declaration of 'char sqrt()' conflicts with built-in declaration 'double sqrt(double)' [-Wbuiltin-declaration-mismatch]
   55 | char sqrt ();
      |      ^~~~
configure:5305: $? = 0
configure:5305: result: yes
configure:5311: checking for strcasecmp
configure:5311: g++ -o conftest -g -O2   conftest.cpp  >&5
conftest.cpp:56:6: warning: declaration of 'char strcasecmp()' conflicts with built-in declaration 'int strcasecmp(const char*, const char*)' [-Wbuiltin-declaration-mismatch]
   56 | char strcasecmp ();
      |      ^~~~~~~~~~
configure:5311: $? = 0
configure:5311: result: yes
configure:5317: checking for strncasecmp
configure:5317: g++ -o conftest -g -O2   conftest.cpp  >&5
conftest.cpp:57:6: warning: declaration of 'char strncasecmp()' conflicts with built-in declaration 'int strncasecmp(const char*, const char*, long unsigned int)' [-Wbuiltin-declaration-mismatch]
   57 | char strncasecmp ();
      |      ^~~~~~~~~~~
configure:5317: $? = 0
configure:5317: result: yes
configure:5323: checking for strstr
configure:5323: g++ -o conftest -g -O2   conftest.cpp  >&5
conftest.cpp:58:6: warning: declaration of 'char strstr()' conflicts with built-in declaration 'char* strstr(const char*, const char*)' [-Wbuiltin-declaration-mismatch]
   58 | char strstr ();
      |      ^~~~~~
configure:5323: $? = 0
configure:5323: result: yes
configure:5329: checking for strtol
configure:5329: g++ -o conftest -g -O2   conftest.cpp  >&5
configure:5329: $? = 0
configure:5329: result: yes
configure:5381: checking for xml2-config
configure:5404: found /usr/bin/xml2-config
configure:5417: result: /usr/bin/xml2-config
configure:5426: checking for libxml - version >= 2.6.5
configure:5528: g++ -o conftest -g -O2  -I/usr/include/libxml2  conftest.cpp -lxml2  >&5
conftest.cpp: In function 'int main()':
conftest.cpp:57:9: warning: ignoring return value of 'int system(const char*)' declared with attribute 'warn_unused_result' [-Wunused-result]
   57 |   system("touch conf.xmltest");
      |   ~~~~~~^~~~~~~~~~~~~~~~~~~~~~
configure:5528: $? = 0
configure:5528: ./conftest
configure:5528: $? = 0
configure:5544: result: yes (version 2.9.13)
configure:5613: checking for gmp.h
configure:5613: g++ -c -g -O2  conftest.cpp >&5
configure:5613: $? = 0
configure:5613: result: yes
configure:5623: checking for __gmpz_init2 in -lgmp
configure:5645: g++ -o conftest -g -O2   conftest.cpp -lgmp   -lxml2 >&5
configure:5645: $? = 0
configure:5655: result: yes
configure:5669: checking for main in -lboost_thread-gcc-mt
configure:5691: g++ -o conftest -g -O2   conftest.cpp -lboost_thread-gcc-mt  -lgmp  -lxml2 >&5
/usr/bin/ld: cannot find -lboost_thread-gcc-mt: No such file or directory
collect2: error: ld returned 1 exit status
configure:5691: $? = 1
configure: failed program was:
| /* confdefs.h */
| #define PACKAGE_NAME "TheForgottenServer"
| #define PACKAGE_TARNAME "theforgottenserver"
| #define PACKAGE_VERSION "0.3.5"
| #define PACKAGE_STRING "TheForgottenServer 0.3.5"
| #define PACKAGE_BUGREPORT ""
| #define PACKAGE_URL ""
| #define PACKAGE "theforgottenserver"
| #define VERSION "0.3.5"
| #define HAVE_STDIO_H 1
| #define HAVE_STDLIB_H 1
| #define HAVE_STRING_H 1
| #define HAVE_INTTYPES_H 1
| #define HAVE_STDINT_H 1
| #define HAVE_STRINGS_H 1
| #define HAVE_SYS_STAT_H 1
| #define HAVE_SYS_TYPES_H 1
| #define HAVE_UNISTD_H 1
| #define STDC_HEADERS 1
| #define HAVE_ARPA_INET_H 1
| #define HAVE_NETDB_H 1
| #define HAVE_NETINET_IN_H 1
| #define HAVE_STDDEF_H 1
| #define HAVE_STDINT_H 1
| #define HAVE_STDLIB_H 1
| #define HAVE_SYS_SOCKET_H 1
| #define HAVE_SYS_TIMEB_H 1
| #define HAVE_STDBOOL_H 1
| #define HAVE_PTRDIFF_T 1
| #define HAVE_MALLOC 1
| #define HAVE_REALLOC 1
| #define HAVE_FLOOR 1
| #define HAVE_FTIME 1
| #define HAVE_GETHOSTBYNAME 1
| #define HAVE_GETHOSTNAME 1
| #define HAVE_MEMSET 1
| #define HAVE_POW 1
| #define HAVE_SQRT 1
| #define HAVE_STRCASECMP 1
| #define HAVE_STRNCASECMP 1
| #define HAVE_STRSTR 1
| #define HAVE_STRTOL 1
| #define HAVE_GMP_H 1
| #define HAVE_LIBGMP 1
| /* end confdefs.h.  */
| 
| namespace conftest {
|   extern "C" int main ();
| }
| int
| main (void)
| {
| return conftest::main ();
|   ;
|   return 0;
| }
configure:5701: result: no
configure:5711: checking for main in -lboost_thread-mt
configure:5733: g++ -o conftest -g -O2   conftest.cpp -lboost_thread-mt  -lgmp  -lxml2 >&5
/usr/bin/ld: cannot find -lboost_thread-mt: No such file or directory
collect2: error: ld returned 1 exit status
configure:5733: $? = 1
configure: failed program was:
| /* confdefs.h */
| #define PACKAGE_NAME "TheForgottenServer"
| #define PACKAGE_TARNAME "theforgottenserver"
| #define PACKAGE_VERSION "0.3.5"
| #define PACKAGE_STRING "TheForgottenServer 0.3.5"
| #define PACKAGE_BUGREPORT ""
| #define PACKAGE_URL ""
| #define PACKAGE "theforgottenserver"
| #define VERSION "0.3.5"
| #define HAVE_STDIO_H 1
| #define HAVE_STDLIB_H 1
| #define HAVE_STRING_H 1
| #define HAVE_INTTYPES_H 1
| #define HAVE_STDINT_H 1
| #define HAVE_STRINGS_H 1
| #define HAVE_SYS_STAT_H 1
| #define HAVE_SYS_TYPES_H 1
| #define HAVE_UNISTD_H 1
| #define STDC_HEADERS 1
| #define HAVE_ARPA_INET_H 1
| #define HAVE_NETDB_H 1
| #define HAVE_NETINET_IN_H 1
| #define HAVE_STDDEF_H 1
| #define HAVE_STDINT_H 1
| #define HAVE_STDLIB_H 1
| #define HAVE_SYS_SOCKET_H 1
| #define HAVE_SYS_TIMEB_H 1
| #define HAVE_STDBOOL_H 1
| #define HAVE_PTRDIFF_T 1
| #define HAVE_MALLOC 1
| #define HAVE_REALLOC 1
| #define HAVE_FLOOR 1
| #define HAVE_FTIME 1
| #define HAVE_GETHOSTBYNAME 1
| #define HAVE_GETHOSTNAME 1
| #define HAVE_MEMSET 1
| #define HAVE_POW 1
| #define HAVE_SQRT 1
| #define HAVE_STRCASECMP 1
| #define HAVE_STRNCASECMP 1
| #define HAVE_STRSTR 1
| #define HAVE_STRTOL 1
| #define HAVE_GMP_H 1
| #define HAVE_LIBGMP 1
| /* end confdefs.h.  */
| 
| namespace conftest {
|   extern "C" int main ();
| }
| int
| main (void)
| {
| return conftest::main ();
|   ;
|   return 0;
| }
configure:5743: result: no
configure:5753: checking for main in -lboost_thread
configure:5775: g++ -o conftest -g -O2   conftest.cpp -lboost_thread  -lgmp  -lxml2 >&5
configure:5775: $? = 0
configure:5785: result: yes
configure:5806: checking for main in -lboost_regex-gcc-mt
configure:5828: g++ -o conftest -g -O2   conftest.cpp -lboost_regex-gcc-mt  -lboost_thread -lgmp  -lxml2 >&5
/usr/bin/ld: cannot find -lboost_regex-gcc-mt: No such file or directory
collect2: error: ld returned 1 exit status
configure:5828: $? = 1
configure: failed program was:
| /* confdefs.h */
| #define PACKAGE_NAME "TheForgottenServer"
| #define PACKAGE_TARNAME "theforgottenserver"
| #define PACKAGE_VERSION "0.3.5"
| #define PACKAGE_STRING "TheForgottenServer 0.3.5"
| #define PACKAGE_BUGREPORT ""
| #define PACKAGE_URL ""
| #define PACKAGE "theforgottenserver"
| #define VERSION "0.3.5"
| #define HAVE_STDIO_H 1
| #define HAVE_STDLIB_H 1
| #define HAVE_STRING_H 1
| #define HAVE_INTTYPES_H 1
| #define HAVE_STDINT_H 1
| #define HAVE_STRINGS_H 1
| #define HAVE_SYS_STAT_H 1
| #define HAVE_SYS_TYPES_H 1
| #define HAVE_UNISTD_H 1
| #define STDC_HEADERS 1
| #define HAVE_ARPA_INET_H 1
| #define HAVE_NETDB_H 1
| #define HAVE_NETINET_IN_H 1
| #define HAVE_STDDEF_H 1
| #define HAVE_STDINT_H 1
| #define HAVE_STDLIB_H 1
| #define HAVE_SYS_SOCKET_H 1
| #define HAVE_SYS_TIMEB_H 1
| #define HAVE_STDBOOL_H 1
| #define HAVE_PTRDIFF_T 1
| #define HAVE_MALLOC 1
| #define HAVE_REALLOC 1
| #define HAVE_FLOOR 1
| #define HAVE_FTIME 1
| #define HAVE_GETHOSTBYNAME 1
| #define HAVE_GETHOSTNAME 1
| #define HAVE_MEMSET 1
| #define HAVE_POW 1
| #define HAVE_SQRT 1
| #define HAVE_STRCASECMP 1
| #define HAVE_STRNCASECMP 1
| #define HAVE_STRSTR 1
| #define HAVE_STRTOL 1
| #define HAVE_GMP_H 1
| #define HAVE_LIBGMP 1
| #define HAVE_LIBBOOST_THREAD 1
| /* end confdefs.h.  */
| 
| namespace conftest {
|   extern "C" int main ();
| }
| int
| main (void)
| {
| return conftest::main ();
|   ;
|   return 0;
| }
configure:5838: result: no
configure:5848: checking for main in -lboost_regex-mt
configure:5870: g++ -o conftest -g -O2   conftest.cpp -lboost_regex-mt  -lboost_thread -lgmp  -lxml2 >&5
/usr/bin/ld: cannot find -lboost_regex-mt: No such file or directory
collect2: error: ld returned 1 exit status
configure:5870: $? = 1
configure: failed program was:
| /* confdefs.h */
| #define PACKAGE_NAME "TheForgottenServer"
| #define PACKAGE_TARNAME "theforgottenserver"
| #define PACKAGE_VERSION "0.3.5"
| #define PACKAGE_STRING "TheForgottenServer 0.3.5"
| #define PACKAGE_BUGREPORT ""
| #define PACKAGE_URL ""
| #define PACKAGE "theforgottenserver"
| #define VERSION "0.3.5"
| #define HAVE_STDIO_H 1
| #define HAVE_STDLIB_H 1
| #define HAVE_STRING_H 1
| #define HAVE_INTTYPES_H 1
| #define HAVE_STDINT_H 1
| #define HAVE_STRINGS_H 1
| #define HAVE_SYS_STAT_H 1
| #define HAVE_SYS_TYPES_H 1
| #define HAVE_UNISTD_H 1
| #define STDC_HEADERS 1
| #define HAVE_ARPA_INET_H 1
| #define HAVE_NETDB_H 1
| #define HAVE_NETINET_IN_H 1
| #define HAVE_STDDEF_H 1
| #define HAVE_STDINT_H 1
| #define HAVE_STDLIB_H 1
| #define HAVE_SYS_SOCKET_H 1
| #define HAVE_SYS_TIMEB_H 1
| #define HAVE_STDBOOL_H 1
| #define HAVE_PTRDIFF_T 1
| #define HAVE_MALLOC 1
| #define HAVE_REALLOC 1
| #define HAVE_FLOOR 1
| #define HAVE_FTIME 1
| #define HAVE_GETHOSTBYNAME 1
| #define HAVE_GETHOSTNAME 1
| #define HAVE_MEMSET 1
| #define HAVE_POW 1
| #define HAVE_SQRT 1
| #define HAVE_STRCASECMP 1
| #define HAVE_STRNCASECMP 1
| #define HAVE_STRSTR 1
| #define HAVE_STRTOL 1
| #define HAVE_GMP_H 1
| #define HAVE_LIBGMP 1
| #define HAVE_LIBBOOST_THREAD 1
| /* end confdefs.h.  */
| 
| namespace conftest {
|   extern "C" int main ();
| }
| int
| main (void)
| {
| return conftest::main ();
|   ;
|   return 0;
| }
configure:5880: result: no
configure:5890: checking for main in -lboost_regex
configure:5912: g++ -o conftest -g -O2   conftest.cpp -lboost_regex  -lboost_thread -lgmp  -lxml2 >&5
configure:5912: $? = 0
configure:5922: result: yes
configure:5943: checking for main in -lboost_system-gcc-mt
configure:5965: g++ -o conftest -g -O2   conftest.cpp -lboost_system-gcc-mt  -lboost_regex -lboost_thread -lgmp  -lxml2 >&5
/usr/bin/ld: cannot find -lboost_system-gcc-mt: No such file or directory
collect2: error: ld returned 1 exit status
configure:5965: $? = 1
configure: failed program was:
| /* confdefs.h */
| #define PACKAGE_NAME "TheForgottenServer"
| #define PACKAGE_TARNAME "theforgottenserver"
| #define PACKAGE_VERSION "0.3.5"
| #define PACKAGE_STRING "TheForgottenServer 0.3.5"
| #define PACKAGE_BUGREPORT ""
| #define PACKAGE_URL ""
| #define PACKAGE "theforgottenserver"
| #define VERSION "0.3.5"
| #define HAVE_STDIO_H 1
| #define HAVE_STDLIB_H 1
| #define HAVE_STRING_H 1
| #define HAVE_INTTYPES_H 1
| #define HAVE_STDINT_H 1
| #define HAVE_STRINGS_H 1
| #define HAVE_SYS_STAT_H 1
| #define HAVE_SYS_TYPES_H 1
| #define HAVE_UNISTD_H 1
| #define STDC_HEADERS 1
| #define HAVE_ARPA_INET_H 1
| #define HAVE_NETDB_H 1
| #define HAVE_NETINET_IN_H 1
| #define HAVE_STDDEF_H 1
| #define HAVE_STDINT_H 1
| #define HAVE_STDLIB_H 1
| #define HAVE_SYS_SOCKET_H 1
| #define HAVE_SYS_TIMEB_H 1
| #define HAVE_STDBOOL_H 1
| #define HAVE_PTRDIFF_T 1
| #define HAVE_MALLOC 1
| #define HAVE_REALLOC 1
| #define HAVE_FLOOR 1
| #define HAVE_FTIME 1
| #define HAVE_GETHOSTBYNAME 1
| #define HAVE_GETHOSTNAME 1
| #define HAVE_MEMSET 1
| #define HAVE_POW 1
| #define HAVE_SQRT 1
| #define HAVE_STRCASECMP 1
| #define HAVE_STRNCASECMP 1
| #define HAVE_STRSTR 1
| #define HAVE_STRTOL 1
| #define HAVE_GMP_H 1
| #define HAVE_LIBGMP 1
| #define HAVE_LIBBOOST_THREAD 1
| #define HAVE_LIBBOOST_REGEX 1
| /* end confdefs.h.  */
| 
| namespace conftest {
|   extern "C" int main ();
| }
| int
| main (void)
| {
| return conftest::main ();
|   ;
|   return 0;
| }
configure:5975: result: no
configure:5985: checking for main in -lboost_system-mt
configure:6007: g++ -o conftest -g -O2   conftest.cpp -lboost_system-mt  -lboost_regex -lboost_thread -lgmp  -lxml2 >&5
/usr/bin/ld: cannot find -lboost_system-mt: No such file or directory
collect2: error: ld returned 1 exit status
configure:6007: $? = 1
configure: failed program was:
| /* confdefs.h */
| #define PACKAGE_NAME "TheForgottenServer"
| #define PACKAGE_TARNAME "theforgottenserver"
| #define PACKAGE_VERSION "0.3.5"
| #define PACKAGE_STRING "TheForgottenServer 0.3.5"
| #define PACKAGE_BUGREPORT ""
| #define PACKAGE_URL ""
| #define PACKAGE "theforgottenserver"
| #define VERSION "0.3.5"
| #define HAVE_STDIO_H 1
| #define HAVE_STDLIB_H 1
| #define HAVE_STRING_H 1
| #define HAVE_INTTYPES_H 1
| #define HAVE_STDINT_H 1
| #define HAVE_STRINGS_H 1
| #define HAVE_SYS_STAT_H 1
| #define HAVE_SYS_TYPES_H 1
| #define HAVE_UNISTD_H 1
| #define STDC_HEADERS 1
| #define HAVE_ARPA_INET_H 1
| #define HAVE_NETDB_H 1
| #define HAVE_NETINET_IN_H 1
| #define HAVE_STDDEF_H 1
| #define HAVE_STDINT_H 1
| #define HAVE_STDLIB_H 1
| #define HAVE_SYS_SOCKET_H 1
| #define HAVE_SYS_TIMEB_H 1
| #define HAVE_STDBOOL_H 1
| #define HAVE_PTRDIFF_T 1
| #define HAVE_MALLOC 1
| #define HAVE_REALLOC 1
| #define HAVE_FLOOR 1
| #define HAVE_FTIME 1
| #define HAVE_GETHOSTBYNAME 1
| #define HAVE_GETHOSTNAME 1
| #define HAVE_MEMSET 1
| #define HAVE_POW 1
| #define HAVE_SQRT 1
| #define HAVE_STRCASECMP 1
| #define HAVE_STRNCASECMP 1
| #define HAVE_STRSTR 1
| #define HAVE_STRTOL 1
| #define HAVE_GMP_H 1
| #define HAVE_LIBGMP 1
| #define HAVE_LIBBOOST_THREAD 1
| #define HAVE_LIBBOOST_REGEX 1
| /* end confdefs.h.  */
| 
| namespace conftest {
|   extern "C" int main ();
| }
| int
| main (void)
| {
| return conftest::main ();
|   ;
|   return 0;
| }
configure:6017: result: no
configure:6027: checking for main in -lboost_system
configure:6049: g++ -o conftest -g -O2   conftest.cpp -lboost_system  -lboost_regex -lboost_thread -lgmp  -lxml2 >&5
configure:6049: $? = 0
configure:6059: result: yes
configure:6080: checking for main in -lboost_date_time-gcc-mt
configure:6102: g++ -o conftest -g -O2   conftest.cpp -lboost_date_time-gcc-mt  -lboost_system -lboost_regex -lboost_thread -lgmp  -lxml2 >&5
/usr/bin/ld: cannot find -lboost_date_time-gcc-mt: No such file or directory
collect2: error: ld returned 1 exit status
configure:6102: $? = 1
configure: failed program was:
| /* confdefs.h */
| #define PACKAGE_NAME "TheForgottenServer"
| #define PACKAGE_TARNAME "theforgottenserver"
| #define PACKAGE_VERSION "0.3.5"
| #define PACKAGE_STRING "TheForgottenServer 0.3.5"
| #define PACKAGE_BUGREPORT ""
| #define PACKAGE_URL ""
| #define PACKAGE "theforgottenserver"
| #define VERSION "0.3.5"
| #define HAVE_STDIO_H 1
| #define HAVE_STDLIB_H 1
| #define HAVE_STRING_H 1
| #define HAVE_INTTYPES_H 1
| #define HAVE_STDINT_H 1
| #define HAVE_STRINGS_H 1
| #define HAVE_SYS_STAT_H 1
| #define HAVE_SYS_TYPES_H 1
| #define HAVE_UNISTD_H 1
| #define STDC_HEADERS 1
| #define HAVE_ARPA_INET_H 1
| #define HAVE_NETDB_H 1
| #define HAVE_NETINET_IN_H 1
| #define HAVE_STDDEF_H 1
| #define HAVE_STDINT_H 1
| #define HAVE_STDLIB_H 1
| #define HAVE_SYS_SOCKET_H 1
| #define HAVE_SYS_TIMEB_H 1
| #define HAVE_STDBOOL_H 1
| #define HAVE_PTRDIFF_T 1
| #define HAVE_MALLOC 1
| #define HAVE_REALLOC 1
| #define HAVE_FLOOR 1
| #define HAVE_FTIME 1
| #define HAVE_GETHOSTBYNAME 1
| #define HAVE_GETHOSTNAME 1
| #define HAVE_MEMSET 1
| #define HAVE_POW 1
| #define HAVE_SQRT 1
| #define HAVE_STRCASECMP 1
| #define HAVE_STRNCASECMP 1
| #define HAVE_STRSTR 1
| #define HAVE_STRTOL 1
| #define HAVE_GMP_H 1
| #define HAVE_LIBGMP 1
| #define HAVE_LIBBOOST_THREAD 1
| #define HAVE_LIBBOOST_REGEX 1
| #define HAVE_LIBBOOST_SYSTEM 1
| /* end confdefs.h.  */
| 
| namespace conftest {
|   extern "C" int main ();
| }
| int
| main (void)
| {
| return conftest::main ();
|   ;
|   return 0;
| }
configure:6112: result: no
configure:6122: checking for main in -lboost_date_time-mt
configure:6144: g++ -o conftest -g -O2   conftest.cpp -lboost_date_time-mt  -lboost_system -lboost_regex -lboost_thread -lgmp  -lxml2 >&5
/usr/bin/ld: cannot find -lboost_date_time-mt: No such file or directory
collect2: error: ld returned 1 exit status
configure:6144: $? = 1
configure: failed program was:
| /* confdefs.h */
| #define PACKAGE_NAME "TheForgottenServer"
| #define PACKAGE_TARNAME "theforgottenserver"
| #define PACKAGE_VERSION "0.3.5"
| #define PACKAGE_STRING "TheForgottenServer 0.3.5"
| #define PACKAGE_BUGREPORT ""
| #define PACKAGE_URL ""
| #define PACKAGE "theforgottenserver"
| #define VERSION "0.3.5"
| #define HAVE_STDIO_H 1
| #define HAVE_STDLIB_H 1
| #define HAVE_STRING_H 1
| #define HAVE_INTTYPES_H 1
| #define HAVE_STDINT_H 1
| #define HAVE_STRINGS_H 1
| #define HAVE_SYS_STAT_H 1
| #define HAVE_SYS_TYPES_H 1
| #define HAVE_UNISTD_H 1
| #define STDC_HEADERS 1
| #define HAVE_ARPA_INET_H 1
| #define HAVE_NETDB_H 1
| #define HAVE_NETINET_IN_H 1
| #define HAVE_STDDEF_H 1
| #define HAVE_STDINT_H 1
| #define HAVE_STDLIB_H 1
| #define HAVE_SYS_SOCKET_H 1
| #define HAVE_SYS_TIMEB_H 1
| #define HAVE_STDBOOL_H 1
| #define HAVE_PTRDIFF_T 1
| #define HAVE_MALLOC 1
| #define HAVE_REALLOC 1
| #define HAVE_FLOOR 1
| #define HAVE_FTIME 1
| #define HAVE_GETHOSTBYNAME 1
| #define HAVE_GETHOSTNAME 1
| #define HAVE_MEMSET 1
| #define HAVE_POW 1
| #define HAVE_SQRT 1
| #define HAVE_STRCASECMP 1
| #define HAVE_STRNCASECMP 1
| #define HAVE_STRSTR 1
| #define HAVE_STRTOL 1
| #define HAVE_GMP_H 1
| #define HAVE_LIBGMP 1
| #define HAVE_LIBBOOST_THREAD 1
| #define HAVE_LIBBOOST_REGEX 1
| #define HAVE_LIBBOOST_SYSTEM 1
| /* end confdefs.h.  */
| 
| namespace conftest {
|   extern "C" int main ();
| }
| int
| main (void)
| {
| return conftest::main ();
|   ;
|   return 0;
| }
configure:6154: result: no
configure:6164: checking for main in -lboost_date_time
configure:6186: g++ -o conftest -g -O2   conftest.cpp -lboost_date_time  -lboost_system -lboost_regex -lboost_thread -lgmp  -lxml2 >&5
configure:6186: $? = 0
configure:6196: result: yes
configure:6217: checking for main in -lboost_filesystem-gcc-mt
configure:6239: g++ -o conftest -g -O2   conftest.cpp -lboost_filesystem-gcc-mt  -lboost_date_time -lboost_system -lboost_regex -lboost_thread -lgmp  -lxml2 >&5
/usr/bin/ld: cannot find -lboost_filesystem-gcc-mt: No such file or directory
collect2: error: ld returned 1 exit status
configure:6239: $? = 1
configure: failed program was:
| /* confdefs.h */
| #define PACKAGE_NAME "TheForgottenServer"
| #define PACKAGE_TARNAME "theforgottenserver"
| #define PACKAGE_VERSION "0.3.5"
| #define PACKAGE_STRING "TheForgottenServer 0.3.5"
| #define PACKAGE_BUGREPORT ""
| #define PACKAGE_URL ""
| #define PACKAGE "theforgottenserver"
| #define VERSION "0.3.5"
| #define HAVE_STDIO_H 1
| #define HAVE_STDLIB_H 1
| #define HAVE_STRING_H 1
| #define HAVE_INTTYPES_H 1
| #define HAVE_STDINT_H 1
| #define HAVE_STRINGS_H 1
| #define HAVE_SYS_STAT_H 1
| #define HAVE_SYS_TYPES_H 1
| #define HAVE_UNISTD_H 1
| #define STDC_HEADERS 1
| #define HAVE_ARPA_INET_H 1
| #define HAVE_NETDB_H 1
| #define HAVE_NETINET_IN_H 1
| #define HAVE_STDDEF_H 1
| #define HAVE_STDINT_H 1
| #define HAVE_STDLIB_H 1
| #define HAVE_SYS_SOCKET_H 1
| #define HAVE_SYS_TIMEB_H 1
| #define HAVE_STDBOOL_H 1
| #define HAVE_PTRDIFF_T 1
| #define HAVE_MALLOC 1
| #define HAVE_REALLOC 1
| #define HAVE_FLOOR 1
| #define HAVE_FTIME 1
| #define HAVE_GETHOSTBYNAME 1
| #define HAVE_GETHOSTNAME 1
| #define HAVE_MEMSET 1
| #define HAVE_POW 1
| #define HAVE_SQRT 1
| #define HAVE_STRCASECMP 1
| #define HAVE_STRNCASECMP 1
| #define HAVE_STRSTR 1
| #define HAVE_STRTOL 1
| #define HAVE_GMP_H 1
| #define HAVE_LIBGMP 1
| #define HAVE_LIBBOOST_THREAD 1
| #define HAVE_LIBBOOST_REGEX 1
| #define HAVE_LIBBOOST_SYSTEM 1
| #define HAVE_LIBBOOST_DATE_TIME 1
| /* end confdefs.h.  */
| 
| namespace conftest {
|   extern "C" int main ();
| }
| int
| main (void)
| {
| return conftest::main ();
|   ;
|   return 0;
| }
configure:6249: result: no
configure:6259: checking for main in -lboost_filesystem-mt
configure:6281: g++ -o conftest -g -O2   conftest.cpp -lboost_filesystem-mt  -lboost_date_time -lboost_system -lboost_regex -lboost_thread -lgmp  -lxml2 >&5
/usr/bin/ld: cannot find -lboost_filesystem-mt: No such file or directory
collect2: error: ld returned 1 exit status
configure:6281: $? = 1
configure: failed program was:
| /* confdefs.h */
| #define PACKAGE_NAME "TheForgottenServer"
| #define PACKAGE_TARNAME "theforgottenserver"
| #define PACKAGE_VERSION "0.3.5"
| #define PACKAGE_STRING "TheForgottenServer 0.3.5"
| #define PACKAGE_BUGREPORT ""
| #define PACKAGE_URL ""
| #define PACKAGE "theforgottenserver"
| #define VERSION "0.3.5"
| #define HAVE_STDIO_H 1
| #define HAVE_STDLIB_H 1
| #define HAVE_STRING_H 1
| #define HAVE_INTTYPES_H 1
| #define HAVE_STDINT_H 1
| #define HAVE_STRINGS_H 1
| #define HAVE_SYS_STAT_H 1
| #define HAVE_SYS_TYPES_H 1
| #define HAVE_UNISTD_H 1
| #define STDC_HEADERS 1
| #define HAVE_ARPA_INET_H 1
| #define HAVE_NETDB_H 1
| #define HAVE_NETINET_IN_H 1
| #define HAVE_STDDEF_H 1
| #define HAVE_STDINT_H 1
| #define HAVE_STDLIB_H 1
| #define HAVE_SYS_SOCKET_H 1
| #define HAVE_SYS_TIMEB_H 1
| #define HAVE_STDBOOL_H 1
| #define HAVE_PTRDIFF_T 1
| #define HAVE_MALLOC 1
| #define HAVE_REALLOC 1
| #define HAVE_FLOOR 1
| #define HAVE_FTIME 1
| #define HAVE_GETHOSTBYNAME 1
| #define HAVE_GETHOSTNAME 1
| #define HAVE_MEMSET 1
| #define HAVE_POW 1
| #define HAVE_SQRT 1
| #define HAVE_STRCASECMP 1
| #define HAVE_STRNCASECMP 1
| #define HAVE_STRSTR 1
| #define HAVE_STRTOL 1
| #define HAVE_GMP_H 1
| #define HAVE_LIBGMP 1
| #define HAVE_LIBBOOST_THREAD 1
| #define HAVE_LIBBOOST_REGEX 1
| #define HAVE_LIBBOOST_SYSTEM 1
| #define HAVE_LIBBOOST_DATE_TIME 1
| /* end confdefs.h.  */
| 
| namespace conftest {
|   extern "C" int main ();
| }
| int
| main (void)
| {
| return conftest::main ();
|   ;
|   return 0;
| }
configure:6291: result: no
configure:6301: checking for main in -lboost_filesystem
configure:6323: g++ -o conftest -g -O2   conftest.cpp -lboost_filesystem  -lboost_date_time -lboost_system -lboost_regex -lboost_thread -lgmp  -lxml2 >&5
configure:6323: $? = 0
configure:6333: result: yes
configure:6357: checking for boost/asio.hpp
configure:6357: g++ -c -g -O2  conftest.cpp >&5
configure:6357: $? = 0
configure:6357: result: yes
configure:6371: checking for boost/unordered_set.hpp
configure:6371: g++ -c -g -O2  conftest.cpp >&5
configure:6371: $? = 0
configure:6371: result: yes
configure:6442: checking for pkg-config
configure:6465: found /usr/bin/pkg-config
configure:6477: result: /usr/bin/pkg-config
configure:6502: checking pkg-config is at least version 0.9.0
configure:6505: result: yes
configure:6515: checking for lua5.1 >= 5.1
configure:6522: $PKG_CONFIG --exists --print-errors "lua5.1 >= 5.1"
configure:6525: $? = 0
configure:6539: $PKG_CONFIG --exists --print-errors "lua5.1 >= 5.1"
configure:6542: $? = 0
configure:6694: result: yes
configure:6705: checking for mysql/mysql.h
configure:6705: g++ -c -g -O2  conftest.cpp >&5
configure:6705: $? = 0
configure:6705: result: yes
configure:6715: checking for main in -lmysqlclient
configure:6737: g++ -o conftest -g -O2   conftest.cpp -lmysqlclient  -lboost_filesystem -lboost_date_time -lboost_system -lboost_regex -lboost_thread -lgmp  -lxml2 >&5
configure:6737: $? = 0
configure:6747: result: yes
configure:7050: checking that generated files are newer than configure
configure:7056: result: done
configure:7127: creating ./config.status

## ---------------------- ##
## Running config.status. ##
## ---------------------- ##

This file was extended by TheForgottenServer config.status 0.3.5, which was
generated by GNU Autoconf 2.71.  Invocation command line was

  CONFIG_FILES    = 
  CONFIG_HEADERS  = 
  CONFIG_LINKS    = 
  CONFIG_COMMANDS = 
  $ ./config.status 

on dennis

config.status:921: creating Makefile
config.status:921: creating config.h
config.status:1102: config.h is unchanged
config.status:1150: executing depfiles commands
config.status:1227: cd .       && sed -e '/# am--include-marker/d' Makefile         | make -f - am--depfiles
make: Nothing to be done for 'am--depfiles'.
config.status:1232: $? = 0

## ---------------- ##
## Cache variables. ##
## ---------------- ##

ac_cv_build=x86_64-pc-linux-gnu
ac_cv_c_const=yes
ac_cv_c_inline=inline
ac_cv_c_int16_t=yes
ac_cv_c_int32_t=yes
ac_cv_c_int64_t=yes
ac_cv_c_uint16_t=yes
ac_cv_c_uint32_t=yes
ac_cv_c_uint64_t=yes
ac_cv_c_uint8_t=yes
ac_cv_cxx_compiler_gnu=yes
ac_cv_env_CCC_set=
ac_cv_env_CCC_value=
ac_cv_env_CPPFLAGS_set=
ac_cv_env_CPPFLAGS_value=
ac_cv_env_CXXFLAGS_set=
ac_cv_env_CXXFLAGS_value=
ac_cv_env_CXX_set=
ac_cv_env_CXX_value=
ac_cv_env_LDFLAGS_set=
ac_cv_env_LDFLAGS_value=
ac_cv_env_LIBS_set=
ac_cv_env_LIBS_value=
ac_cv_env_LUA_CFLAGS_set=
ac_cv_env_LUA_CFLAGS_value=
ac_cv_env_LUA_LIBS_set=
ac_cv_env_LUA_LIBS_value=
ac_cv_env_PKG_CONFIG_LIBDIR_set=
ac_cv_env_PKG_CONFIG_LIBDIR_value=
ac_cv_env_PKG_CONFIG_PATH_set=
ac_cv_env_PKG_CONFIG_PATH_value=
ac_cv_env_PKG_CONFIG_set=
ac_cv_env_PKG_CONFIG_value=
ac_cv_env_build_alias_set=
ac_cv_env_build_alias_value=
ac_cv_env_host_alias_set=
ac_cv_env_host_alias_value=
ac_cv_env_target_alias_set=
ac_cv_env_target_alias_value=
ac_cv_func_floor=yes
ac_cv_func_ftime=yes
ac_cv_func_gethostbyname=yes
ac_cv_func_gethostname=yes
ac_cv_func_malloc_0_nonnull=yes
ac_cv_func_memcmp_working=yes
ac_cv_func_memset=yes
ac_cv_func_pow=yes
ac_cv_func_realloc_0_nonnull=yes
ac_cv_func_sqrt=yes
ac_cv_func_strcasecmp=yes
ac_cv_func_strncasecmp=yes
ac_cv_func_strstr=yes
ac_cv_func_strtol=yes
ac_cv_header_arpa_inet_h=yes
ac_cv_header_boost_asio_hpp=yes
ac_cv_header_boost_unordered_set_hpp=yes
ac_cv_header_gmp_h=yes
ac_cv_header_inttypes_h=yes
ac_cv_header_mysql_mysql_h=yes
ac_cv_header_netdb_h=yes
ac_cv_header_netinet_in_h=yes
ac_cv_header_stdbool_h=yes
ac_cv_header_stddef_h=yes
ac_cv_header_stdint_h=yes
ac_cv_header_stdio_h=yes
ac_cv_header_stdlib_h=yes
ac_cv_header_string_h=yes
ac_cv_header_strings_h=yes
ac_cv_header_sys_socket_h=yes
ac_cv_header_sys_stat_h=yes
ac_cv_header_sys_timeb_h=yes
ac_cv_header_sys_types_h=yes
ac_cv_header_unistd_h=yes
ac_cv_host=x86_64-pc-linux-gnu
ac_cv_lib_boost_date_time_gcc_mt_main=no
ac_cv_lib_boost_date_time_main=yes
ac_cv_lib_boost_date_time_mt_main=no
ac_cv_lib_boost_filesystem_gcc_mt_main=no
ac_cv_lib_boost_filesystem_main=yes
ac_cv_lib_boost_filesystem_mt_main=no
ac_cv_lib_boost_regex_gcc_mt_main=no
ac_cv_lib_boost_regex_main=yes
ac_cv_lib_boost_regex_mt_main=no
ac_cv_lib_boost_system_gcc_mt_main=no
ac_cv_lib_boost_system_main=yes
ac_cv_lib_boost_system_mt_main=no
ac_cv_lib_boost_thread_gcc_mt_main=no
ac_cv_lib_boost_thread_main=yes
ac_cv_lib_boost_thread_mt_main=no
ac_cv_lib_gmp___gmpz_init2=yes
ac_cv_lib_mysqlclient_main=yes
ac_cv_objext=o
ac_cv_path_EGREP='/usr/bin/grep -E'
ac_cv_path_GREP=/usr/bin/grep
ac_cv_path_XML2_CONFIG=/usr/bin/xml2-config
ac_cv_path_ac_pt_PKG_CONFIG=/usr/bin/pkg-config
ac_cv_path_install='/usr/bin/install -c'
ac_cv_path_mkdir=/usr/bin/mkdir
ac_cv_prog_AWK=gawk
ac_cv_prog_ac_ct_CXX=g++
ac_cv_prog_cxx_11=no
ac_cv_prog_cxx_cxx11=
ac_cv_prog_cxx_g=yes
ac_cv_prog_cxx_stdcxx=
ac_cv_prog_make_make_set=yes
ac_cv_struct_tm=time.h
ac_cv_type__Bool=no
ac_cv_type_ptrdiff_t=yes
ac_cv_type_size_t=yes
am_cv_CXX_dependencies_compiler_type=gcc3
am_cv_make_support_nested_variables=yes
pkg_cv_LUA_CFLAGS=-I/usr/include/lua5.1
pkg_cv_LUA_LIBS=-llua5.1

## ----------------- ##
## Output variables. ##
## ----------------- ##

ACLOCAL='${SHELL} '\''/home/dennis/thaiswar_860_bots_working/sources_debian_10/missing'\'' aclocal-1.16'
AMDEPBACKSLASH='\'
AMDEP_FALSE='#'
AMDEP_TRUE=''
AMTAR='$${TAR-tar}'
AM_BACKSLASH='\'
AM_DEFAULT_V='$(AM_DEFAULT_VERBOSITY)'
AM_DEFAULT_VERBOSITY='1'
AM_V='$(V)'
AUTOCONF='${SHELL} '\''/home/dennis/thaiswar_860_bots_working/sources_debian_10/missing'\'' autoconf'
AUTOHEADER='${SHELL} '\''/home/dennis/thaiswar_860_bots_working/sources_debian_10/missing'\'' autoheader'
AUTOMAKE='${SHELL} '\''/home/dennis/thaiswar_860_bots_working/sources_debian_10/missing'\'' automake-1.16'
AWK='gawk'
CPPFLAGS=''
CSCOPE='cscope'
CTAGS='ctags'
CXX='g++'
CXXDEPMODE='depmode=gcc3'
CXXFLAGS='-g -O2'
CYGPATH_W='echo'
DEBUG_FLAGS=''
DEFS='-DHAVE_CONFIG_H'
DEPDIR='.deps'
ECHO_C=''
ECHO_N='-n'
ECHO_T=''
EGREP='/usr/bin/grep -E'
ETAGS='etags'
EXEEXT=''
GREP='/usr/bin/grep'
INSTALL_DATA='${INSTALL} -m 644'
INSTALL_PROGRAM='${INSTALL}'
INSTALL_SCRIPT='${INSTALL}'
INSTALL_STRIP_PROGRAM='$(install_sh) -c -s'
LDFLAGS=''
LIBOBJS=''
LIBS='-lmysqlclient -lboost_filesystem -lboost_date_time -lboost_system -lboost_regex -lboost_thread -lgmp  -lxml2'
LOGIN_SERVER_FALSE=''
LOGIN_SERVER_TRUE='#'
LTLIBOBJS=''
LUA_CFLAGS='-I/usr/include/lua5.1'
LUA_LIBS='-llua5.1'
MAKEINFO='${SHELL} '\''/home/dennis/thaiswar_860_bots_working/sources_debian_10/missing'\'' makeinfo'
MKDIR_P='/usr/bin/mkdir -p'
MYSQL_FLAGS='-D__USE_MYSQL__'
MYSQL_LIBS='-lmysqlclient'
OBJEXT='o'
ODBC_FLAGS=''
ODBC_LIBS=''
OPTIONAL_FLAGS=' -D__ROOT_PERMISSION__'
PACKAGE='theforgottenserver'
PACKAGE_BUGREPORT=''
PACKAGE_NAME='TheForgottenServer'
PACKAGE_STRING='TheForgottenServer 0.3.5'
PACKAGE_TARNAME='theforgottenserver'
PACKAGE_URL=''
PACKAGE_VERSION='0.3.5'
PATH_SEPARATOR=':'
PGSQL_FLAGS=''
PGSQL_LIBS=''
PKG_CONFIG='/usr/bin/pkg-config'
PKG_CONFIG_LIBDIR=''
PKG_CONFIG_PATH=''
PROFILER_FLAGS=''
REMOTE_CONTROL_FALSE=''
REMOTE_CONTROL_TRUE='#'
SET_MAKE=''
SHELL='/bin/bash'
SQLITE_FLAGS=''
SQLITE_LIBS=''
STRIP=''
USE_MYSQL_FALSE='#'
USE_MYSQL_TRUE=''
USE_ODBC_FALSE=''
USE_ODBC_TRUE='#'
USE_PGSQL_FALSE=''
USE_PGSQL_TRUE='#'
USE_SQLITE_FALSE=''
USE_SQLITE_TRUE='#'
VERSION='0.3.5'
XML2_CONFIG='/usr/bin/xml2-config'
XML_CPPFLAGS='-I/usr/include/libxml2'
XML_LIBS='-lxml2'
ac_ct_CXX='g++'
am__EXEEXT_FALSE=''
am__EXEEXT_TRUE='#'
am__fastdepCXX_FALSE='#'
am__fastdepCXX_TRUE=''
am__include='include'
am__isrc=''
am__leading_dot='.'
am__nodep='_no'
am__quote=''
am__tar='$${TAR-tar} chof - "$$tardir"'
am__untar='$${TAR-tar} xf -'
bindir='${exec_prefix}/bin'
build='x86_64-pc-linux-gnu'
build_alias=''
build_cpu='x86_64'
build_os='linux-gnu'
build_vendor='pc'
datadir='${datarootdir}'
datarootdir='${prefix}/share'
docdir='${datarootdir}/doc/${PACKAGE_TARNAME}'
dvidir='${docdir}'
exec_prefix='${prefix}'
host='x86_64-pc-linux-gnu'
host_alias=''
host_cpu='x86_64'
host_os='linux-gnu'
host_vendor='pc'
htmldir='${docdir}'
includedir='${prefix}/include'
infodir='${datarootdir}/info'
install_sh='${SHELL} /home/dennis/thaiswar_860_bots_working/sources_debian_10/install-sh'
libdir='${exec_prefix}/lib'
libexecdir='${exec_prefix}/libexec'
localedir='${datarootdir}/locale'
localstatedir='${prefix}/var'
mandir='${datarootdir}/man'
mkdir_p='$(MKDIR_P)'
oldincludedir='/usr/include'
pdfdir='${docdir}'
prefix='/usr/local'
program_transform_name='s,x,x,'
psdir='${docdir}'
runstatedir='${localstatedir}/run'
sbindir='${exec_prefix}/sbin'
sharedstatedir='${prefix}/com'
sysconfdir='${prefix}/etc'
target_alias=''

## ----------- ##
## confdefs.h. ##
## ----------- ##

/* confdefs.h */
#define PACKAGE_NAME "TheForgottenServer"
#define PACKAGE_TARNAME "theforgottenserver"
#define PACKAGE_VERSION "0.3.5"
#define PACKAGE_STRING "TheForgottenServer 0.3.5"
#define PACKAGE_BUGREPORT ""
#define PACKAGE_URL ""
#define PACKAGE "theforgottenserver"
#define VERSION "0.3.5"
#define HAVE_STDIO_H 1
#define HAVE_STDLIB_H 1
#define HAVE_STRING_H 1
#define HAVE_INTTYPES_H 1
#define HAVE_STDINT_H 1
#define HAVE_STRINGS_H 1
#define HAVE_SYS_STAT_H 1
#define HAVE_SYS_TYPES_H 1
#define HAVE_UNISTD_H 1
#define STDC_HEADERS 1
#define HAVE_ARPA_INET_H 1
#define HAVE_NETDB_H 1
#define HAVE_NETINET_IN_H 1
#define HAVE_STDDEF_H 1
#define HAVE_STDINT_H 1
#define HAVE_STDLIB_H 1
#define HAVE_SYS_SOCKET_H 1
#define HAVE_SYS_TIMEB_H 1
#define HAVE_STDBOOL_H 1
#define HAVE_PTRDIFF_T 1
#define HAVE_MALLOC 1
#define HAVE_REALLOC 1
#define HAVE_FLOOR 1
#define HAVE_FTIME 1
#define HAVE_GETHOSTBYNAME 1
#define HAVE_GETHOSTNAME 1
#define HAVE_MEMSET 1
#define HAVE_POW 1
#define HAVE_SQRT 1
#define HAVE_STRCASECMP 1
#define HAVE_STRNCASECMP 1
#define HAVE_STRSTR 1
#define HAVE_STRTOL 1
#define HAVE_GMP_H 1
#define HAVE_LIBGMP 1
#define HAVE_LIBBOOST_THREAD 1
#define HAVE_LIBBOOST_REGEX 1
#define HAVE_LIBBOOST_SYSTEM 1
#define HAVE_LIBBOOST_DATE_TIME 1
#define HAVE_LIBBOOST_FILESYSTEM 1
#define HAVE_BOOST_ASIO_HPP 1
#define HAVE_BOOST_UNORDERED_SET_HPP 1
#define HAVE_MYSQL_MYSQL_H 1
#define HAVE_LIBMYSQLCLIENT 1

configure: exit 0
