[09/07/2013 14:31:26] /shutdown
[09/07/2013 14:56:16] /save
[09/07/2013 15:04:50] /addshop
[09/07/2013 15:04:55] /addshop
[09/07/2013 15:05:06] /addshop 20,ADAS d'as d' a's34():"' ';';';fg
[12/07/2013 21:20:26] /save
[20/09/2013 23:43:14] /addskill GOD,level
[20/09/2013 23:43:16] /addskill GOD,level,2
[20/09/2013 23:43:20] /addskill GOD,level,676767
[20/09/2013 23:43:22] /addskill GOD,level,676767
[20/09/2013 23:43:22] /addskill GOD,level,676767
[20/09/2013 23:43:23] /addskill GOD,level,676767
[20/09/2013 23:43:32] /info god
[20/09/2013 23:43:39] /addskill GOD,level,676
[20/09/2013 23:43:40] /addskill GOD,level,676
[20/09/2013 23:43:40] /addskill GOD,level,676
[20/09/2013 23:43:41] /addskill GOD,level,676
[20/09/2013 23:43:41] /addskill GOD,level,676
[20/09/2013 23:43:42] /addskill GOD,level,676
[20/09/2013 23:43:42] /addskill GOD,level,676
[20/09/2013 23:43:42] /addskill GOD,level,676
[20/09/2013 23:43:43] /addskill GOD,level,676
[20/09/2013 23:43:43] /addskill GOD,level,676
[20/09/2013 23:43:43] /addskill GOD,level,676
[20/09/2013 23:43:47] /addskill GOD,level,676
[20/09/2013 23:43:58] /info god
[20/09/2013 23:44:09] /addskill GOD,level,67689
[20/09/2013 23:44:09] /addskill GOD,level,67689
[20/09/2013 23:44:10] /addskill GOD,level,67689
[20/09/2013 23:44:11] /addskill GOD,level,6768
[20/09/2013 23:44:12] /addskill GOD,level,6768
[20/09/2013 23:44:13] /addskill GOD,level,6768
[20/09/2013 23:44:13] /addskill GOD,level,6768
[20/09/2013 23:44:13] /addskill GOD,level,6768
[20/09/2013 23:44:14] /addskill GOD,level,6768
[20/09/2013 23:44:14] /addskill GOD,level,6768
[20/09/2013 23:44:15] /addskill GOD,level,6768
[20/09/2013 23:44:16] /addskill GOD,level,676
[20/09/2013 23:44:17] /addskill GOD,level,676
[20/09/2013 23:44:17] /addskill GOD,level,676
[20/09/2013 23:44:17] /addskill GOD,level,676
[20/09/2013 23:44:18] /addskill GOD,level,676
[20/09/2013 23:44:18] /addskill GOD,level,676
[20/09/2013 23:44:19] /addskill GOD,level,676
[20/09/2013 23:44:19] /addskill GOD,level,676
[20/09/2013 23:44:19] /addskill GOD,level,676
[20/09/2013 23:44:20] /addskill GOD,level,67
[20/09/2013 23:44:21] /addskill GOD,level,67
[20/09/2013 23:44:21] /addskill GOD,level,67
[20/09/2013 23:44:21] /addskill GOD,level,67
[20/09/2013 23:44:22] /addskill GOD,level,67
[20/09/2013 23:44:23] /addskill GOD,level,67
[20/09/2013 23:44:23] /addskill GOD,level,67
[20/09/2013 23:44:24] /addskill GOD,level,67
[20/09/2013 23:44:27] /info god
[20/09/2013 23:45:24] /addskill god,level,3
[20/09/2013 23:45:26] /addskill god,level,3
[20/09/2013 23:45:26] /addskill god,level,3
[20/09/2013 23:45:28] /addskill god,level,3
[20/09/2013 23:45:28] /addskill god,level,3
[20/09/2013 23:45:29] /addskill god,level,2
[20/09/2013 23:45:31] /addskill god,level,1
[20/09/2013 23:45:32] /addskill god,level,1
[20/09/2013 23:45:32] /addskill god,level,1
[20/09/2013 23:45:33] /addskill god,level,1
[20/09/2013 23:45:33] /addskill god,level,1
[20/09/2013 23:49:36] /addskill god,level
[20/09/2013 23:49:41] /addskill god,level
[20/09/2013 23:49:44] /addskill god,level,34
[20/09/2013 23:49:45] /addskill god,level,34
[20/09/2013 23:50:31] /addskill god,level,34
[20/09/2013 23:50:33] /addskill god,level,34
[20/09/2013 23:50:36] /info god
[20/09/2013 23:50:40] /addskill god,level,34
[20/09/2013 23:50:41] /addskill god,level,34
[20/09/2013 23:51:48] /addskill god,level,434343
[20/09/2013 23:52:47] /addskill god,level
[20/09/2013 23:52:51] /addskill god,level
[20/09/2013 23:52:56] /addskill god,level,45454
[20/09/2013 23:53:02] /addskill god,level,45454
[20/09/2013 23:53:12] /addskill god,level,454549
[20/09/2013 23:53:51] /info god
[20/09/2013 23:54:23] /addskill god,level
[20/09/2013 23:54:24] /addskill god,level
[20/09/2013 23:54:25] /addskill god,level
[20/09/2013 23:54:28] /addskill god,level,777
[20/09/2013 23:54:29] /addskill god,level,777
[20/09/2013 23:54:31] /addskill god,level,777
[20/09/2013 23:54:33] /addskill god,level,777889
[20/09/2013 23:54:36] /addskill god,level,777889
[20/09/2013 23:54:37] /addskill god,level,777889
[20/09/2013 23:54:38] /addskill god,level,777889
[20/09/2013 23:54:43] /info god
[20/09/2013 23:54:47] /addskill god,level,777889
[20/09/2013 23:54:48] /addskill god,level,77788
[20/09/2013 23:54:49] /addskill god,level,77788
[20/09/2013 23:54:50] /addskill god,level,77788
[20/09/2013 23:54:50] /addskill god,level,77788
[20/09/2013 23:54:51] /addskill god,level,7778
[20/09/2013 23:54:52] /addskill god,level,7778
[20/09/2013 23:54:52] /addskill god,level,7778
[20/09/2013 23:54:53] /addskill god,level,777
[20/09/2013 23:54:54] /addskill god,level,777
[20/09/2013 23:54:55] /addskill god,level,777
[20/09/2013 23:54:56] /addskill god,level,777
[20/09/2013 23:54:57] /addskill god,level,77
[20/09/2013 23:55:01] /addskill god,level,1
[20/09/2013 23:55:02] /addskill god,level,1
[20/09/2013 23:55:05] /info god
[20/09/2013 23:56:40] /addskill god,level,1
[20/09/2013 23:56:45] /addskill god,level,1
[20/09/2013 23:56:46] /addskill god,level,1
[20/09/2013 23:56:46] /addskill god,level,1
[20/09/2013 23:56:49] /info god
[25/03/2023 20:39:36] /ghost
[25/03/2023 21:02:44] /ghost
[25/03/2023 21:31:27] /ghost
[25/03/2023 21:37:25] /ghost
[25/03/2023 21:52:24] /goto Sir Kolling
[25/03/2023 22:19:08] /ghost
[25/03/2023 22:20:32] /ghost
[25/03/2023 22:26:51] /ghost
[25/03/2023 22:26:53] /ghost
[25/03/2023 22:31:59] /ghost
[25/03/2023 22:40:48] /ghost
[25/03/2023 22:53:30] /ghost
[25/03/2023 22:56:40] /kick Druidmaster
[25/03/2023 22:58:33] /goto Druidmaster
[25/03/2023 22:58:59] /goto Pure Hemp
[25/03/2023 23:03:41] /ghost
[25/03/2023 23:09:12] /goto Bitche
[25/03/2023 23:09:19] /goto Matsumi
[25/03/2023 23:11:54] /ghost
[26/03/2023 06:45:28] /ghost
[26/03/2023 07:08:21] /ghost
[26/03/2023 07:10:16] /ghost
[26/03/2023 15:07:50] /ghost
[26/03/2023 15:07:52] /ghost
[26/03/2023 15:16:07] /ghost
[26/03/2023 15:16:07] /ghost
[26/03/2023 15:16:54] /reload lib
[26/03/2023 15:17:01] /reload libs
[26/03/2023 20:13:11] /ghost
[26/03/2023 20:13:12] /ghost
[26/03/2023 20:14:14] /m demon
[26/03/2023 20:14:15] /m demon
[26/03/2023 20:14:15] /m demon
[26/03/2023 20:14:16] /m demon
[26/03/2023 20:14:16] /m demon
[26/03/2023 20:14:17] /m demon
[26/03/2023 20:14:17] /m demon
[26/03/2023 20:14:17] /m demon
[26/03/2023 20:14:18] /m demon
[26/03/2023 20:14:21] /m demon
[26/03/2023 20:14:22] /m demon
[26/03/2023 20:14:22] /m demon
[26/03/2023 20:14:22] /m demon
[26/03/2023 20:14:22] /m demon
[26/03/2023 20:14:22] /m demon
[26/03/2023 20:14:22] /m demon
[26/03/2023 20:14:22] /m demon
[26/03/2023 20:14:22] /m demon
[26/03/2023 20:14:22] /m demon
[26/03/2023 20:14:22] /m demon
[26/03/2023 20:14:22] /m demon
[26/03/2023 20:14:22] /m demon
[26/03/2023 20:14:22] /m demon
[26/03/2023 20:14:22] /m demon
[26/03/2023 20:14:22] /m demon
[26/03/2023 20:14:22] /m demon
[26/03/2023 20:14:22] /m demon
[26/03/2023 20:14:22] /m demon
[26/03/2023 20:14:22] /m demon
[26/03/2023 20:14:23] /m demon
[26/03/2023 20:14:23] /m demon
[26/03/2023 20:14:23] /m demon
[26/03/2023 20:14:23] /m demon
[26/03/2023 20:14:23] /m demon
[26/03/2023 20:14:23] /m demon
[26/03/2023 20:14:23] /m demon
[26/03/2023 20:14:23] /m demon
[26/03/2023 20:14:23] /m demon
[26/03/2023 20:14:23] /m demon
[26/03/2023 20:14:23] /m demon
[26/03/2023 20:14:23] /m demon
[26/03/2023 20:14:23] /m demon
[26/03/2023 20:14:23] /m demon
[26/03/2023 20:14:23] /m demon
[26/03/2023 20:14:23] /m demon
[26/03/2023 20:14:23] /m demon
[26/03/2023 20:14:23] /m demon
[26/03/2023 20:14:23] /m demon
[26/03/2023 20:14:23] /m demon
[26/03/2023 20:14:23] /m demon
[26/03/2023 20:14:23] /m demon
[26/03/2023 20:14:23] /m demon
[26/03/2023 20:14:23] /m demon
[26/03/2023 20:14:23] /m demon
[26/03/2023 20:14:23] /m demon
[26/03/2023 20:14:23] /m demon
[26/03/2023 20:14:23] /m demon
[26/03/2023 20:14:23] /m demon
[26/03/2023 20:14:23] /m demon
[26/03/2023 20:14:24] /m demon
[26/03/2023 20:14:24] /m demon
[26/03/2023 20:14:24] /m demon
[26/03/2023 20:14:24] /m demon
[26/03/2023 20:14:24] /m demon
[26/03/2023 20:14:24] /m demon
[26/03/2023 20:14:24] /m demon
[26/03/2023 20:14:24] /m demon
[26/03/2023 20:14:24] /m demon
[26/03/2023 20:14:24] /m demon
[26/03/2023 20:14:24] /m demon
[26/03/2023 20:14:24] /m demon
[26/03/2023 20:14:24] /m demon
[26/03/2023 20:14:24] /m demon
[26/03/2023 20:14:24] /m demon
[26/03/2023 20:14:24] /m demon
[26/03/2023 20:14:24] /m demon
[26/03/2023 20:14:24] /m demon
[26/03/2023 20:14:24] /m demon
[26/03/2023 20:14:24] /m demon
[26/03/2023 20:14:24] /m demon
[26/03/2023 20:14:24] /m demon
[26/03/2023 20:14:24] /m demon
[26/03/2023 20:14:24] /m demon
[26/03/2023 20:14:24] /m demon
[26/03/2023 20:14:24] /m demon
[26/03/2023 20:14:24] /m demon
[26/03/2023 20:14:24] /m demon
[26/03/2023 20:14:24] /m demon
[26/03/2023 20:18:16] /goto Lisa Simpson
[26/03/2023 20:18:19] /goto Lisa Simpson
[26/03/2023 20:29:36] /i 1738
[26/03/2023 20:29:43] /i 1738
[26/03/2023 21:20:37] /goto Leaao Niice
[26/03/2023 21:20:44] /goto Leaao Niice
[26/03/2023 21:20:46] /goto Leaao Niice
[26/03/2023 21:21:48] /cliport 
[26/03/2023 21:22:07] /cliport 
[26/03/2023 21:22:15] /cliport 
[26/03/2023 21:22:26] /cliport 
[26/03/2023 21:23:13] /goto Leaao Niice
[26/03/2023 21:23:14] /goto Leaao Niice
[26/03/2023 21:23:43] /ghost
[26/03/2023 21:23:44] /ghost
[26/03/2023 21:25:26] /m demon
[26/03/2023 21:25:35] /m demon
[26/03/2023 21:25:36] /m demon
[26/03/2023 21:25:36] /m demon
[27/03/2023 10:38:25] /ghost
[27/03/2023 10:38:26] /ghost
[28/03/2023 22:26:11] /ghost
[28/03/2023 22:26:12] /ghost
[17/05/2023 17:30:58] /ghost
[17/05/2023 17:30:59] /ghost
[17/05/2023 17:37:22] /goto Senju Hashirama
[17/05/2023 17:37:51] /goto Rush Na Taka
